<?xml version="1.0" encoding="UTF-8"?>
<!-- Generated by org.testng.reporters.JUnitReportReporter -->
<testsuite hostname="ITS_LP_hp" failures="0" tests="4" name="PackageOfLotusbook.TestNG3" time="0.015" errors="0" timestamp="2024-03-28T14:53:11 IST" skipped="0">
  <testcase classname="PackageOfLotusbook.TestNG3" name="b" time="0.011"/>
  <system-out/>
  <testcase classname="PackageOfLotusbook.TestNG3" name="a" time="0.002"/>
  <system-out/>
  <testcase classname="PackageOfLotusbook.TestNG3" name="c" time="0.001"/>
  <system-out/>
  <testcase classname="PackageOfLotusbook.TestNG3" name="d" time="0.001"/>
  <system-out/>
</testsuite> <!-- PackageOfLotusbook.TestNG3 -->
