<?xml version="1.0" encoding="UTF-8"?>
<!-- Generated by org.testng.reporters.JUnitReportReporter -->
<testsuite hostname="ITS_LP_hp" failures="0" tests="2" name="PackageOfLotusbook.TestNG1" time="0.030" errors="0" timestamp="2024-03-27T15:16:31 IST" skipped="0">
  <testcase classname="PackageOfLotusbook.TestNG1" name="test1" time="0.023"/>
  <system-out/>
  <testcase classname="PackageOfLotusbook.TestNG1" name="test2" time="0.007"/>
  <system-out/>
</testsuite> <!-- PackageOfLotusbook.TestNG1 -->
