<?xml version="1.0" encoding="UTF-8"?>
<!-- Generated by org.testng.reporters.JUnitReportReporter -->
<testsuite hostname="ITS_LP_hp" failures="0" tests="1" name="PackageOfLotusbook.OrderOfTestNG" time="0.012" errors="0" timestamp="2024-03-28T12:09:46 IST" skipped="0">
  <testcase classname="PackageOfLotusbook.OrderOfTestNG" name="Test1" time="0.012"/>
  <system-out/>
</testsuite> <!-- PackageOfLotusbook.OrderOfTestNG -->
