<?xml version="1.0" encoding="UTF-8"?>
<!-- Generated by org.testng.reporters.JUnitReportReporter -->
<testsuite hostname="ITS_LP_hp" failures="0" tests="4" name="PackageOfLotusbook.TestNG" time="0.016" errors="0" timestamp="2024-03-28T14:13:27 IST" skipped="0">
  <testcase classname="PackageOfLotusbook.TestNG" name="d" time="0.002"/>
  <system-out/>
  <testcase classname="PackageOfLotusbook.TestNG" name="a" time="0.011"/>
  <system-out/>
  <testcase classname="PackageOfLotusbook.TestNG" name="b" time="0.002"/>
  <system-out/>
  <testcase classname="PackageOfLotusbook.TestNG" name="c" time="0.001"/>
  <system-out/>
</testsuite> <!-- PackageOfLotusbook.TestNG -->
