<?xml version="1.0" encoding="UTF-8"?>
<!-- Generated by org.testng.reporters.JUnitReportReporter -->
<testsuite hostname="ITS_LP_hp" failures="0" tests="7" name="PackageOfLotusbook.TestNG4" time="0.014" errors="0" timestamp="2024-03-28T15:05:35 IST" skipped="1">
  <testcase classname="PackageOfLotusbook.TestNG4" name="a" time="0.008"/>
  <system-out/>
  <testcase classname="PackageOfLotusbook.TestNG4" name="a" time="0.001"/>
  <system-out/>
  <testcase classname="PackageOfLotusbook.TestNG4" name="a" time="0.001"/>
  <system-out/>
  <testcase classname="PackageOfLotusbook.TestNG4" name="d" time="0.001"/>
  <system-out/>
  <testcase classname="PackageOfLotusbook.TestNG4" name="a" time="0.001"/>
  <system-out/>
  <testcase classname="PackageOfLotusbook.TestNG4" name="b" time="0.002"/>
  <system-out/>
  <testcase classname="PackageOfLotusbook.TestNG4" name="c">
    <skipped/>
  </testcase> <!-- c -->
  <system-out/>
</testsuite> <!-- PackageOfLotusbook.TestNG4 -->
